INFO:aurora-auto-clocker:[Done] opened Aurora webpage in Firefox
INFO:aurora-auto-clocker:[Done] instantiated AutoClocker
INFO:aurora-auto-clocker:[Done] returnning the title of the browser: Aurora Portal
INFO:credential_rw_tool:[Done] decrypt the login credentail: 422631
INFO:credential_rw_tool:[Done] decrypt the login credentail: A129085122
INFO:clocker-UI:[Done] show the login window
ERROR:aurora-auto-clocker:login to the Aurora: Message: Unable to locate element: //*[@id="hr"]; For documentation on this error, please visit: https://www.selenium.dev/documentation/webdriver/troubleshooting/errors#no-such-element-exception
Stacktrace:
RemoteError@chrome://remote/content/shared/RemoteError.sys.mjs:8:8
WebDriverError@chrome://remote/content/shared/webdriver/Errors.sys.mjs:187:5
NoSuchElementError@chrome://remote/content/shared/webdriver/Errors.sys.mjs:505:5
element.find/</<@chrome://remote/content/marionette/element.sys.mjs:135:16

ERROR:aurora-auto-clocker:login to the Aurora: Message: Unable to locate element: //*[@id="company_id"]; For documentation on this error, please visit: https://www.selenium.dev/documentation/webdriver/troubleshooting/errors#no-such-element-exception
Stacktrace:
RemoteError@chrome://remote/content/shared/RemoteError.sys.mjs:8:8
WebDriverError@chrome://remote/content/shared/webdriver/Errors.sys.mjs:187:5
NoSuchElementError@chrome://remote/content/shared/webdriver/Errors.sys.mjs:505:5
element.find/</<@chrome://remote/content/marionette/element.sys.mjs:135:16

INFO:clocker-UI:[Checked]: 3rd param is the 'year'
INFO:clocker-UI:[Checked]: 3rd param is the 'year'
INFO:aurora-auto-clocker:[Done] close the web browser driver
INFO:clocker-UI:[Done] close all tkinter objs
